{
  "RSpec": {
    "coverage": {
      "/Users/scout/Documents/ada/exercises/FarMar/far_mar.rb": [
        1,
        null,
        1,
        null,
        null,
        null,
        1,
        1,
        1,
        1,
        1
      ],
      "/Users/scout/Documents/ada/exercises/FarMar/lib/farmar_csv.rb": [
        null,
        1,
        null,
        1,
        517,
        517,
        1455589,
        null,
        1455589,
        null,
        null,
        517,
        null,
        null,
        null,
        1,
        8,
        82,
        8,
        null,
        null,
        null,
        null,
        null,
        null
      ],
      "/Users/scout/Documents/ada/exercises/FarMar/lib/farmar_market.rb": [
        null,
        null,
        null,
        null,
        null,
        null,
        null,
        null,
        1,
        1,
        1,
        null,
        1,
        500,
        500,
        500,
        null,
        null,
        1,
        null,
        1,
        null,
        null,
        1,
        null,
        1,
        null,
        null,
        1,
        null,
        0,
        null,
        null,
        null,
        null,
        null,
        null,
        null,
        null
      ],
      "/Users/scout/Documents/ada/exercises/FarMar/lib/farmar_vendor.rb": [
        null,
        null,
        null,
        null,
        null,
        1,
        1,
        1,
        null,
        1,
        1366521,
        1366521,
        1366521,
        1366521,
        null,
        1366521,
        1366521,
        null,
        null,
        null,
        1,
        0,
        null,
        null,
        1,
        1,
        null,
        null,
        1,
        3,
        3,
        38394,
        14,
        null,
        null,
        3,
        null,
        null,
        1,
        2,
        2,
        13,
        null,
        2,
        null,
        null,
        1,
        null,
        508,
        null,
        null,
        1,
        null,
        5,
        null,
        null,
        1,
        502,
        502,
        null,
        502,
        1350380,
        2699,
        null,
        null,
        null,
        502,
        null,
        null,
        1,
        0,
        null,
        null,
        1,
        null,
        1,
        null,
        null,
        null,
        null,
        null,
        null,
        null,
        null,
        null,
        null,
        null,
        null,
        null
      ],
      "/Users/scout/Documents/ada/exercises/FarMar/lib/farmar_product.rb": [
        null,
        null,
        null,
        null,
        1,
        1,
        1,
        null,
        1,
        24579,
        24579,
        24579,
        null,
        null,
        1,
        null,
        3,
        null,
        null,
        1,
        null,
        1,
        null,
        null,
        1,
        1,
        null,
        1,
        8193,
        1,
        null,
        null,
        null,
        1,
        null,
        null,
        1,
        null,
        0,
        null,
        null,
        null
      ],
      "/Users/scout/Documents/ada/exercises/FarMar/lib/farmar_sale.rb": [
        null,
        null,
        null,
        null,
        null,
        null,
        1,
        null,
        1,
        1,
        1,
        null,
        1,
        63990,
        63990,
        63990,
        63990,
        63990,
        63990,
        null,
        null,
        1,
        null,
        5,
        null,
        null,
        1,
        null,
        1,
        null,
        null,
        1,
        0,
        null,
        null,
        1,
        0,
        null,
        null,
        1,
        null,
        null,
        null
      ],
      "/Users/scout/Documents/ada/exercises/FarMar/specs/product_spec.rb": [
        1,
        1,
        null,
        1,
        1,
        1,
        null,
        1,
        1,
        1,
        1,
        null,
        null,
        1,
        1,
        null,
        null
      ],
      "/Users/scout/Documents/ada/exercises/FarMar/specs/sale_spec.rb": [
        1,
        1,
        1,
        null,
        1,
        1,
        1,
        null,
        1,
        1,
        1,
        null,
        null,
        null,
        1,
        1,
        null,
        null
      ],
      "/Users/scout/Documents/ada/exercises/FarMar/specs/vendor_spec.rb": [
        1,
        1,
        null,
        1,
        1,
        1,
        null,
        1,
        1,
        1,
        1,
        null,
        null,
        1,
        1,
        null,
        null,
        1,
        1,
        null,
        1,
        1,
        null,
        null,
        1,
        1,
        1,
        null,
        1,
        3,
        null,
        null,
        null,
        1,
        1,
        null,
        1,
        1,
        null,
        null,
        null,
        1,
        1,
        null,
        1,
        1,
        null,
        null,
        null,
        1,
        1,
        1,
        null,
        1,
        1,
        null,
        null,
        null,
        null,
        null,
        null,
        null,
        null,
        null,
        null,
        null,
        null,
        null,
        null
      ]
    },
    "timestamp": 1473452555
  }
}
